CRITICAL - 2024-03-22 06:35:36 --> Error: Cannot use object of type mysqli as array
in APPPATH\Views\user_view.php on line 30.
 1 SYSTEMPATH\View\View.php(228): include()
 2 SYSTEMPATH\View\View.php(231): CodeIgniter\View\View->CodeIgniter\View\{closure}()
 3 SYSTEMPATH\Common.php(1178): CodeIgniter\View\View->render('user_view', [], true)
 4 APPPATH\Controllers\UserController.php(11): view('user_view', [...])
 5 SYSTEMPATH\CodeIgniter.php(941): App\Controllers\UserController->index()
 6 SYSTEMPATH\CodeIgniter.php(502): CodeIgniter\CodeIgniter->runController(Object(App\Controllers\UserController))
 7 SYSTEMPATH\CodeIgniter.php(361): CodeIgniter\CodeIgniter->handleRequest(null, Object(Config\Cache), false)
 8 FCPATH\index.php(79): CodeIgniter\CodeIgniter->run()
 9 SYSTEMPATH\Commands\Server\rewrite.php(47): require_once('C:\\Users\\amber\\Desktop\\CodeIgniter-4\\project-root\\public\\index.php')
ERROR - 2024-03-22 07:11:22 --> mysqli_sql_exception: Duplicate entry 'ada.rogahn@example.org' for key 'users.users_email_unique' in C:\Users\amber\Desktop\CodeIgniter-4\project-root\system\Database\MySQLi\Connection.php:306
Stack trace:
#0 C:\Users\amber\Desktop\CodeIgniter-4\project-root\system\Database\MySQLi\Connection.php(306): mysqli->query('UPDATE `users` ...', 0)
#1 C:\Users\amber\Desktop\CodeIgniter-4\project-root\system\Database\BaseConnection.php(693): CodeIgniter\Database\MySQLi\Connection->execute('UPDATE `users` ...')
#2 C:\Users\amber\Desktop\CodeIgniter-4\project-root\system\Database\BaseConnection.php(607): CodeIgniter\Database\BaseConnection->simpleQuery('UPDATE `users` ...')
#3 C:\Users\amber\Desktop\CodeIgniter-4\project-root\system\Database\BaseBuilder.php(2474): CodeIgniter\Database\BaseConnection->query('UPDATE `users` ...', Array, false)
#4 C:\Users\amber\Desktop\CodeIgniter-4\project-root\system\Model.php(393): CodeIgniter\Database\BaseBuilder->update()
#5 C:\Users\amber\Desktop\CodeIgniter-4\project-root\system\BaseModel.php(987): CodeIgniter\Model->doUpdate(Array, Array)
#6 C:\Users\amber\Desktop\CodeIgniter-4\project-root\system\Model.php(807): CodeIgniter\BaseModel->update(Array, Array)
#7 C:\Users\amber\Desktop\CodeIgniter-4\project-root\app\Controllers\UserController.php(50): CodeIgniter\Model->update('11', Array)
#8 C:\Users\amber\Desktop\CodeIgniter-4\project-root\system\CodeIgniter.php(941): App\Controllers\UserController->update('11')
#9 C:\Users\amber\Desktop\CodeIgniter-4\project-root\system\CodeIgniter.php(502): CodeIgniter\CodeIgniter->runController(Object(App\Controllers\UserController))
#10 C:\Users\amber\Desktop\CodeIgniter-4\project-root\system\CodeIgniter.php(361): CodeIgniter\CodeIgniter->handleRequest(NULL, Object(Config\Cache), false)
#11 C:\Users\amber\Desktop\CodeIgniter-4\project-root\public\index.php(79): CodeIgniter\CodeIgniter->run()
#12 C:\Users\amber\Desktop\CodeIgniter-4\project-root\system\Commands\Server\rewrite.php(47): require_once('C:\\Users\\amber\\...')
#13 {main}
CRITICAL - 2024-03-22 07:11:22 --> CodeIgniter\Database\Exceptions\DatabaseException: Duplicate entry 'ada.rogahn@example.org' for key 'users.users_email_unique'
in SYSTEMPATH\Database\BaseConnection.php on line 647.
 1 SYSTEMPATH\Database\BaseBuilder.php(2474): CodeIgniter\Database\BaseConnection->query('UPDATE `users` SET `name` = :name:, `email` = :email:
WHERE `users`.`id` IN :users.id:', [...], false)
 2 SYSTEMPATH\Model.php(393): CodeIgniter\Database\BaseBuilder->update()
 3 SYSTEMPATH\BaseModel.php(987): CodeIgniter\Model->doUpdate([...], [...])
 4 SYSTEMPATH\Model.php(807): CodeIgniter\BaseModel->update([...], [...])
 5 APPPATH\Controllers\UserController.php(50): CodeIgniter\Model->update('11', [...])
 6 SYSTEMPATH\CodeIgniter.php(941): App\Controllers\UserController->update('11')
 7 SYSTEMPATH\CodeIgniter.php(502): CodeIgniter\CodeIgniter->runController(Object(App\Controllers\UserController))
 8 SYSTEMPATH\CodeIgniter.php(361): CodeIgniter\CodeIgniter->handleRequest(null, Object(Config\Cache), false)
 9 FCPATH\index.php(79): CodeIgniter\CodeIgniter->run()
10 SYSTEMPATH\Commands\Server\rewrite.php(47): require_once('C:\\Users\\amber\\Desktop\\CodeIgniter-4\\project-root\\public\\index.php')
CRITICAL - 2024-03-22 07:11:22 --> [Caused by] CodeIgniter\Database\Exceptions\DatabaseException: Duplicate entry 'ada.rogahn@example.org' for key 'users.users_email_unique'
in SYSTEMPATH\Database\MySQLi\Connection.php on line 311.
 1 SYSTEMPATH\Database\BaseConnection.php(693): CodeIgniter\Database\MySQLi\Connection->execute('UPDATE `users` SET `name` = \'Katlyn Hue\', `email` = \'ada.rogahn@example.org\'
WHERE `users`.`id` IN (\'11\')')
 2 SYSTEMPATH\Database\BaseConnection.php(607): CodeIgniter\Database\BaseConnection->simpleQuery('UPDATE `users` SET `name` = \'Katlyn Hue\', `email` = \'ada.rogahn@example.org\'
WHERE `users`.`id` IN (\'11\')')
 3 SYSTEMPATH\Database\BaseBuilder.php(2474): CodeIgniter\Database\BaseConnection->query('UPDATE `users` SET `name` = :name:, `email` = :email:
WHERE `users`.`id` IN :users.id:', [...], false)
 4 SYSTEMPATH\Model.php(393): CodeIgniter\Database\BaseBuilder->update()
 5 SYSTEMPATH\BaseModel.php(987): CodeIgniter\Model->doUpdate([...], [...])
 6 SYSTEMPATH\Model.php(807): CodeIgniter\BaseModel->update([...], [...])
 7 APPPATH\Controllers\UserController.php(50): CodeIgniter\Model->update('11', [...])
 8 SYSTEMPATH\CodeIgniter.php(941): App\Controllers\UserController->update('11')
 9 SYSTEMPATH\CodeIgniter.php(502): CodeIgniter\CodeIgniter->runController(Object(App\Controllers\UserController))
10 SYSTEMPATH\CodeIgniter.php(361): CodeIgniter\CodeIgniter->handleRequest(null, Object(Config\Cache), false)
11 FCPATH\index.php(79): CodeIgniter\CodeIgniter->run()
12 SYSTEMPATH\Commands\Server\rewrite.php(47): require_once('C:\\Users\\amber\\Desktop\\CodeIgniter-4\\project-root\\public\\index.php')
CRITICAL - 2024-03-22 07:11:22 --> [Caused by] mysqli_sql_exception: Duplicate entry 'ada.rogahn@example.org' for key 'users.users_email_unique'
in SYSTEMPATH\Database\MySQLi\Connection.php on line 306.
 1 SYSTEMPATH\Database\MySQLi\Connection.php(306): mysqli->query('UPDATE `users` SET `name` = \'Katlyn Hue\', `email` = \'ada.rogahn@example.org\'
WHERE `users`.`id` IN (\'11\')', 0)
 2 SYSTEMPATH\Database\BaseConnection.php(693): CodeIgniter\Database\MySQLi\Connection->execute('UPDATE `users` SET `name` = \'Katlyn Hue\', `email` = \'ada.rogahn@example.org\'
WHERE `users`.`id` IN (\'11\')')
 3 SYSTEMPATH\Database\BaseConnection.php(607): CodeIgniter\Database\BaseConnection->simpleQuery('UPDATE `users` SET `name` = \'Katlyn Hue\', `email` = \'ada.rogahn@example.org\'
WHERE `users`.`id` IN (\'11\')')
 4 SYSTEMPATH\Database\BaseBuilder.php(2474): CodeIgniter\Database\BaseConnection->query('UPDATE `users` SET `name` = :name:, `email` = :email:
WHERE `users`.`id` IN :users.id:', [...], false)
 5 SYSTEMPATH\Model.php(393): CodeIgniter\Database\BaseBuilder->update()
 6 SYSTEMPATH\BaseModel.php(987): CodeIgniter\Model->doUpdate([...], [...])
 7 SYSTEMPATH\Model.php(807): CodeIgniter\BaseModel->update([...], [...])
 8 APPPATH\Controllers\UserController.php(50): CodeIgniter\Model->update('11', [...])
 9 SYSTEMPATH\CodeIgniter.php(941): App\Controllers\UserController->update('11')
10 SYSTEMPATH\CodeIgniter.php(502): CodeIgniter\CodeIgniter->runController(Object(App\Controllers\UserController))
11 SYSTEMPATH\CodeIgniter.php(361): CodeIgniter\CodeIgniter->handleRequest(null, Object(Config\Cache), false)
12 FCPATH\index.php(79): CodeIgniter\CodeIgniter->run()
13 SYSTEMPATH\Commands\Server\rewrite.php(47): require_once('C:\\Users\\amber\\Desktop\\CodeIgniter-4\\project-root\\public\\index.php')
ERROR - 2024-03-22 07:11:46 --> mysqli_sql_exception: Duplicate entry 'ada.rogahn@example.org' for key 'users.users_email_unique' in C:\Users\amber\Desktop\CodeIgniter-4\project-root\system\Database\MySQLi\Connection.php:306
Stack trace:
#0 C:\Users\amber\Desktop\CodeIgniter-4\project-root\system\Database\MySQLi\Connection.php(306): mysqli->query('UPDATE `users` ...', 0)
#1 C:\Users\amber\Desktop\CodeIgniter-4\project-root\system\Database\BaseConnection.php(693): CodeIgniter\Database\MySQLi\Connection->execute('UPDATE `users` ...')
#2 C:\Users\amber\Desktop\CodeIgniter-4\project-root\system\Database\BaseConnection.php(607): CodeIgniter\Database\BaseConnection->simpleQuery('UPDATE `users` ...')
#3 C:\Users\amber\Desktop\CodeIgniter-4\project-root\system\Database\BaseBuilder.php(2474): CodeIgniter\Database\BaseConnection->query('UPDATE `users` ...', Array, false)
#4 C:\Users\amber\Desktop\CodeIgniter-4\project-root\system\Model.php(393): CodeIgniter\Database\BaseBuilder->update()
#5 C:\Users\amber\Desktop\CodeIgniter-4\project-root\system\BaseModel.php(987): CodeIgniter\Model->doUpdate(Array, Array)
#6 C:\Users\amber\Desktop\CodeIgniter-4\project-root\system\Model.php(807): CodeIgniter\BaseModel->update(Array, Array)
#7 C:\Users\amber\Desktop\CodeIgniter-4\project-root\app\Controllers\UserController.php(50): CodeIgniter\Model->update('11', Array)
#8 C:\Users\amber\Desktop\CodeIgniter-4\project-root\system\CodeIgniter.php(941): App\Controllers\UserController->update('11')
#9 C:\Users\amber\Desktop\CodeIgniter-4\project-root\system\CodeIgniter.php(502): CodeIgniter\CodeIgniter->runController(Object(App\Controllers\UserController))
#10 C:\Users\amber\Desktop\CodeIgniter-4\project-root\system\CodeIgniter.php(361): CodeIgniter\CodeIgniter->handleRequest(NULL, Object(Config\Cache), false)
#11 C:\Users\amber\Desktop\CodeIgniter-4\project-root\public\index.php(79): CodeIgniter\CodeIgniter->run()
#12 C:\Users\amber\Desktop\CodeIgniter-4\project-root\system\Commands\Server\rewrite.php(47): require_once('C:\\Users\\amber\\...')
#13 {main}
CRITICAL - 2024-03-22 07:11:46 --> CodeIgniter\Database\Exceptions\DatabaseException: Duplicate entry 'ada.rogahn@example.org' for key 'users.users_email_unique'
in SYSTEMPATH\Database\BaseConnection.php on line 647.
 1 SYSTEMPATH\Database\BaseBuilder.php(2474): CodeIgniter\Database\BaseConnection->query('UPDATE `users` SET `name` = :name:, `email` = :email:
WHERE `users`.`id` IN :users.id:', [...], false)
 2 SYSTEMPATH\Model.php(393): CodeIgniter\Database\BaseBuilder->update()
 3 SYSTEMPATH\BaseModel.php(987): CodeIgniter\Model->doUpdate([...], [...])
 4 SYSTEMPATH\Model.php(807): CodeIgniter\BaseModel->update([...], [...])
 5 APPPATH\Controllers\UserController.php(50): CodeIgniter\Model->update('11', [...])
 6 SYSTEMPATH\CodeIgniter.php(941): App\Controllers\UserController->update('11')
 7 SYSTEMPATH\CodeIgniter.php(502): CodeIgniter\CodeIgniter->runController(Object(App\Controllers\UserController))
 8 SYSTEMPATH\CodeIgniter.php(361): CodeIgniter\CodeIgniter->handleRequest(null, Object(Config\Cache), false)
 9 FCPATH\index.php(79): CodeIgniter\CodeIgniter->run()
10 SYSTEMPATH\Commands\Server\rewrite.php(47): require_once('C:\\Users\\amber\\Desktop\\CodeIgniter-4\\project-root\\public\\index.php')
CRITICAL - 2024-03-22 07:11:46 --> [Caused by] CodeIgniter\Database\Exceptions\DatabaseException: Duplicate entry 'ada.rogahn@example.org' for key 'users.users_email_unique'
in SYSTEMPATH\Database\MySQLi\Connection.php on line 311.
 1 SYSTEMPATH\Database\BaseConnection.php(693): CodeIgniter\Database\MySQLi\Connection->execute('UPDATE `users` SET `name` = \'Katlyn Huel\', `email` = \'ada.rogahn@example.org\'
WHERE `users`.`id` IN (\'11\')')
 2 SYSTEMPATH\Database\BaseConnection.php(607): CodeIgniter\Database\BaseConnection->simpleQuery('UPDATE `users` SET `name` = \'Katlyn Huel\', `email` = \'ada.rogahn@example.org\'
WHERE `users`.`id` IN (\'11\')')
 3 SYSTEMPATH\Database\BaseBuilder.php(2474): CodeIgniter\Database\BaseConnection->query('UPDATE `users` SET `name` = :name:, `email` = :email:
WHERE `users`.`id` IN :users.id:', [...], false)
 4 SYSTEMPATH\Model.php(393): CodeIgniter\Database\BaseBuilder->update()
 5 SYSTEMPATH\BaseModel.php(987): CodeIgniter\Model->doUpdate([...], [...])
 6 SYSTEMPATH\Model.php(807): CodeIgniter\BaseModel->update([...], [...])
 7 APPPATH\Controllers\UserController.php(50): CodeIgniter\Model->update('11', [...])
 8 SYSTEMPATH\CodeIgniter.php(941): App\Controllers\UserController->update('11')
 9 SYSTEMPATH\CodeIgniter.php(502): CodeIgniter\CodeIgniter->runController(Object(App\Controllers\UserController))
10 SYSTEMPATH\CodeIgniter.php(361): CodeIgniter\CodeIgniter->handleRequest(null, Object(Config\Cache), false)
11 FCPATH\index.php(79): CodeIgniter\CodeIgniter->run()
12 SYSTEMPATH\Commands\Server\rewrite.php(47): require_once('C:\\Users\\amber\\Desktop\\CodeIgniter-4\\project-root\\public\\index.php')
CRITICAL - 2024-03-22 07:11:46 --> [Caused by] mysqli_sql_exception: Duplicate entry 'ada.rogahn@example.org' for key 'users.users_email_unique'
in SYSTEMPATH\Database\MySQLi\Connection.php on line 306.
 1 SYSTEMPATH\Database\MySQLi\Connection.php(306): mysqli->query('UPDATE `users` SET `name` = \'Katlyn Huel\', `email` = \'ada.rogahn@example.org\'
WHERE `users`.`id` IN (\'11\')', 0)
 2 SYSTEMPATH\Database\BaseConnection.php(693): CodeIgniter\Database\MySQLi\Connection->execute('UPDATE `users` SET `name` = \'Katlyn Huel\', `email` = \'ada.rogahn@example.org\'
WHERE `users`.`id` IN (\'11\')')
 3 SYSTEMPATH\Database\BaseConnection.php(607): CodeIgniter\Database\BaseConnection->simpleQuery('UPDATE `users` SET `name` = \'Katlyn Huel\', `email` = \'ada.rogahn@example.org\'
WHERE `users`.`id` IN (\'11\')')
 4 SYSTEMPATH\Database\BaseBuilder.php(2474): CodeIgniter\Database\BaseConnection->query('UPDATE `users` SET `name` = :name:, `email` = :email:
WHERE `users`.`id` IN :users.id:', [...], false)
 5 SYSTEMPATH\Model.php(393): CodeIgniter\Database\BaseBuilder->update()
 6 SYSTEMPATH\BaseModel.php(987): CodeIgniter\Model->doUpdate([...], [...])
 7 SYSTEMPATH\Model.php(807): CodeIgniter\BaseModel->update([...], [...])
 8 APPPATH\Controllers\UserController.php(50): CodeIgniter\Model->update('11', [...])
 9 SYSTEMPATH\CodeIgniter.php(941): App\Controllers\UserController->update('11')
10 SYSTEMPATH\CodeIgniter.php(502): CodeIgniter\CodeIgniter->runController(Object(App\Controllers\UserController))
11 SYSTEMPATH\CodeIgniter.php(361): CodeIgniter\CodeIgniter->handleRequest(null, Object(Config\Cache), false)
12 FCPATH\index.php(79): CodeIgniter\CodeIgniter->run()
13 SYSTEMPATH\Commands\Server\rewrite.php(47): require_once('C:\\Users\\amber\\Desktop\\CodeIgniter-4\\project-root\\public\\index.php')
ERROR - 2024-03-22 07:45:06 --> mysqli_sql_exception: Table 'codeigniter.users' doesn't exist in C:\Users\amber\Desktop\CodeIgniter-4\project-root\system\Database\MySQLi\Connection.php:306
Stack trace:
#0 C:\Users\amber\Desktop\CodeIgniter-4\project-root\system\Database\MySQLi\Connection.php(306): mysqli->query('SELECT *\nFROM `...', 0)
#1 C:\Users\amber\Desktop\CodeIgniter-4\project-root\system\Database\BaseConnection.php(693): CodeIgniter\Database\MySQLi\Connection->execute('SELECT *\nFROM `...')
#2 C:\Users\amber\Desktop\CodeIgniter-4\project-root\system\Database\BaseConnection.php(607): CodeIgniter\Database\BaseConnection->simpleQuery('SELECT *\nFROM `...')
#3 C:\Users\amber\Desktop\CodeIgniter-4\project-root\system\Database\BaseBuilder.php(1616): CodeIgniter\Database\BaseConnection->query('SELECT *\nFROM `...', Array, false)
#4 C:\Users\amber\Desktop\CodeIgniter-4\project-root\system\Model.php(242): CodeIgniter\Database\BaseBuilder->get()
#5 C:\Users\amber\Desktop\CodeIgniter-4\project-root\system\BaseModel.php(638): CodeIgniter\Model->doFindAll(0, 0)
#6 C:\Users\amber\Desktop\CodeIgniter-4\project-root\app\Controllers\UserController.php(14): CodeIgniter\BaseModel->findAll()
#7 C:\Users\amber\Desktop\CodeIgniter-4\project-root\system\CodeIgniter.php(941): App\Controllers\UserController->index()
#8 C:\Users\amber\Desktop\CodeIgniter-4\project-root\system\CodeIgniter.php(502): CodeIgniter\CodeIgniter->runController(Object(App\Controllers\UserController))
#9 C:\Users\amber\Desktop\CodeIgniter-4\project-root\system\CodeIgniter.php(361): CodeIgniter\CodeIgniter->handleRequest(NULL, Object(Config\Cache), false)
#10 C:\Users\amber\Desktop\CodeIgniter-4\project-root\public\index.php(79): CodeIgniter\CodeIgniter->run()
#11 C:\Users\amber\Desktop\CodeIgniter-4\project-root\system\Commands\Server\rewrite.php(47): require_once('C:\\Users\\amber\\...')
#12 {main}
CRITICAL - 2024-03-22 07:45:06 --> CodeIgniter\Database\Exceptions\DatabaseException: Table 'codeigniter.users' doesn't exist
in SYSTEMPATH\Database\BaseConnection.php on line 647.
 1 SYSTEMPATH\Database\BaseBuilder.php(1616): CodeIgniter\Database\BaseConnection->query('SELECT *
FROM `users`
ORDER BY `id` ASC', [], false)
 2 SYSTEMPATH\Model.php(242): CodeIgniter\Database\BaseBuilder->get()
 3 SYSTEMPATH\BaseModel.php(638): CodeIgniter\Model->doFindAll(0, 0)
 4 APPPATH\Controllers\UserController.php(14): CodeIgniter\BaseModel->findAll()
 5 SYSTEMPATH\CodeIgniter.php(941): App\Controllers\UserController->index()
 6 SYSTEMPATH\CodeIgniter.php(502): CodeIgniter\CodeIgniter->runController(Object(App\Controllers\UserController))
 7 SYSTEMPATH\CodeIgniter.php(361): CodeIgniter\CodeIgniter->handleRequest(null, Object(Config\Cache), false)
 8 FCPATH\index.php(79): CodeIgniter\CodeIgniter->run()
 9 SYSTEMPATH\Commands\Server\rewrite.php(47): require_once('C:\\Users\\amber\\Desktop\\CodeIgniter-4\\project-root\\public\\index.php')
CRITICAL - 2024-03-22 07:45:06 --> [Caused by] CodeIgniter\Database\Exceptions\DatabaseException: Table 'codeigniter.users' doesn't exist
in SYSTEMPATH\Database\MySQLi\Connection.php on line 311.
 1 SYSTEMPATH\Database\BaseConnection.php(693): CodeIgniter\Database\MySQLi\Connection->execute('SELECT *
FROM `users`
ORDER BY `id` ASC')
 2 SYSTEMPATH\Database\BaseConnection.php(607): CodeIgniter\Database\BaseConnection->simpleQuery('SELECT *
FROM `users`
ORDER BY `id` ASC')
 3 SYSTEMPATH\Database\BaseBuilder.php(1616): CodeIgniter\Database\BaseConnection->query('SELECT *
FROM `users`
ORDER BY `id` ASC', [], false)
 4 SYSTEMPATH\Model.php(242): CodeIgniter\Database\BaseBuilder->get()
 5 SYSTEMPATH\BaseModel.php(638): CodeIgniter\Model->doFindAll(0, 0)
 6 APPPATH\Controllers\UserController.php(14): CodeIgniter\BaseModel->findAll()
 7 SYSTEMPATH\CodeIgniter.php(941): App\Controllers\UserController->index()
 8 SYSTEMPATH\CodeIgniter.php(502): CodeIgniter\CodeIgniter->runController(Object(App\Controllers\UserController))
 9 SYSTEMPATH\CodeIgniter.php(361): CodeIgniter\CodeIgniter->handleRequest(null, Object(Config\Cache), false)
10 FCPATH\index.php(79): CodeIgniter\CodeIgniter->run()
11 SYSTEMPATH\Commands\Server\rewrite.php(47): require_once('C:\\Users\\amber\\Desktop\\CodeIgniter-4\\project-root\\public\\index.php')
CRITICAL - 2024-03-22 07:45:06 --> [Caused by] mysqli_sql_exception: Table 'codeigniter.users' doesn't exist
in SYSTEMPATH\Database\MySQLi\Connection.php on line 306.
 1 SYSTEMPATH\Database\MySQLi\Connection.php(306): mysqli->query('SELECT *
FROM `users`
ORDER BY `id` ASC', 0)
 2 SYSTEMPATH\Database\BaseConnection.php(693): CodeIgniter\Database\MySQLi\Connection->execute('SELECT *
FROM `users`
ORDER BY `id` ASC')
 3 SYSTEMPATH\Database\BaseConnection.php(607): CodeIgniter\Database\BaseConnection->simpleQuery('SELECT *
FROM `users`
ORDER BY `id` ASC')
 4 SYSTEMPATH\Database\BaseBuilder.php(1616): CodeIgniter\Database\BaseConnection->query('SELECT *
FROM `users`
ORDER BY `id` ASC', [], false)
 5 SYSTEMPATH\Model.php(242): CodeIgniter\Database\BaseBuilder->get()
 6 SYSTEMPATH\BaseModel.php(638): CodeIgniter\Model->doFindAll(0, 0)
 7 APPPATH\Controllers\UserController.php(14): CodeIgniter\BaseModel->findAll()
 8 SYSTEMPATH\CodeIgniter.php(941): App\Controllers\UserController->index()
 9 SYSTEMPATH\CodeIgniter.php(502): CodeIgniter\CodeIgniter->runController(Object(App\Controllers\UserController))
10 SYSTEMPATH\CodeIgniter.php(361): CodeIgniter\CodeIgniter->handleRequest(null, Object(Config\Cache), false)
11 FCPATH\index.php(79): CodeIgniter\CodeIgniter->run()
12 SYSTEMPATH\Commands\Server\rewrite.php(47): require_once('C:\\Users\\amber\\Desktop\\CodeIgniter-4\\project-root\\public\\index.php')
ERROR - 2024-03-22 07:58:00 --> mysqli_sql_exception: Unknown column 'username' in 'field list' in C:\Users\amber\Desktop\CodeIgniter-4\project-root\system\Database\MySQLi\Connection.php:306
Stack trace:
#0 C:\Users\amber\Desktop\CodeIgniter-4\project-root\system\Database\MySQLi\Connection.php(306): mysqli->query('INSERT INTO use...', 0)
#1 C:\Users\amber\Desktop\CodeIgniter-4\project-root\system\Database\BaseConnection.php(693): CodeIgniter\Database\MySQLi\Connection->execute('INSERT INTO use...')
#2 C:\Users\amber\Desktop\CodeIgniter-4\project-root\system\Database\BaseConnection.php(607): CodeIgniter\Database\BaseConnection->simpleQuery('INSERT INTO use...')
#3 C:\Users\amber\Desktop\CodeIgniter-4\project-root\app\Database\Seeds\UserSeeder.php(18): CodeIgniter\Database\BaseConnection->query('INSERT INTO use...', Array)
#4 C:\Users\amber\Desktop\CodeIgniter-4\project-root\system\Database\Seeder.php(145): App\Database\Seeds\UserSeeder->run()
#5 C:\Users\amber\Desktop\CodeIgniter-4\project-root\system\Commands\Database\Seed.php(77): CodeIgniter\Database\Seeder->call('App\\Database\\Se...')
#6 C:\Users\amber\Desktop\CodeIgniter-4\project-root\system\CLI\Commands.php(65): CodeIgniter\Commands\Database\Seed->run(Array)
#7 C:\Users\amber\Desktop\CodeIgniter-4\project-root\system\CLI\Console.php(46): CodeIgniter\CLI\Commands->run('db:seed', Array)
#8 C:\Users\amber\Desktop\CodeIgniter-4\project-root\spark(102): CodeIgniter\CLI\Console->run()
#9 {main}
